c:\everything\projects\evarpc-gmod\build\inter\vc143.pdb
c:\everything\projects\evarpc-gmod\build\inter\dllmain.obj
c:\everything\projects\evarpc-gmod\build\inter\rpc.obj
c:\everything\projects\evarpc-gmod\build\inter\serialization.obj
c:\everything\projects\evarpc-gmod\build\inter\rpc_connection.obj
c:\everything\projects\evarpc-gmod\build\inter\discord_rpc.obj
c:\everything\projects\evarpc-gmod\build\inter\discord_register_win.obj
c:\everything\projects\evarpc-gmod\build\inter\connection_win.obj
c:\everything\projects\evarpc-gmod\build\inter\evarpc-gmod.ipdb
c:\everything\projects\evarpc-gmod\build\inter\evarpc-gmod.iobj
c:\everything\projects\evarpc-gmod\build\evarpc-gmod.pdb
c:\everything\projects\evarpc-gmod\build\evarpc-gmod.dll
c:\everything\projects\evarpc-gmod\build\inter\evarpc-gmod.vcxproj.filelistabsolute.txt
c:\everything\projects\evarpc-gmod\build\inter\evarpc-gmod.tlog\cl.command.1.tlog
c:\everything\projects\evarpc-gmod\build\inter\evarpc-gmod.tlog\cl.items.tlog
c:\everything\projects\evarpc-gmod\build\inter\evarpc-gmod.tlog\cl.read.1.tlog
c:\everything\projects\evarpc-gmod\build\inter\evarpc-gmod.tlog\cl.write.1.tlog
c:\everything\projects\evarpc-gmod\build\inter\evarpc-gmod.tlog\link.command.1.tlog
c:\everything\projects\evarpc-gmod\build\inter\evarpc-gmod.tlog\link.read.1.tlog
c:\everything\projects\evarpc-gmod\build\inter\evarpc-gmod.tlog\link.secondary.1.tlog
c:\everything\projects\evarpc-gmod\build\inter\evarpc-gmod.tlog\link.write.1.tlog
